mode: set
github.com/The-DevOps-Daily/terraform-provider-validatefx/internal/validators/arn.go:15.29,15.54 1 1
github.com/The-DevOps-Daily/terraform-provider-validatefx/internal/validators/arn.go:26.59,28.2 1 1
github.com/The-DevOps-Daily/terraform-provider-validatefx/internal/validators/arn.go:30.71,32.2 1 1
github.com/The-DevOps-Daily/terraform-provider-validatefx/internal/validators/arn.go:34.116,35.61 1 1
github.com/The-DevOps-Daily/terraform-provider-validatefx/internal/validators/arn.go:35.61,37.3 1 1
github.com/The-DevOps-Daily/terraform-provider-validatefx/internal/validators/arn.go:38.2,39.13 2 1
github.com/The-DevOps-Daily/terraform-provider-validatefx/internal/validators/arn.go:39.13,41.3 1 1
github.com/The-DevOps-Daily/terraform-provider-validatefx/internal/validators/arn.go:42.2,43.14 2 1
github.com/The-DevOps-Daily/terraform-provider-validatefx/internal/validators/arn.go:43.14,46.3 2 1
github.com/The-DevOps-Daily/terraform-provider-validatefx/internal/validators/arn.go:48.2,55.20 6 1
github.com/The-DevOps-Daily/terraform-provider-validatefx/internal/validators/arn.go:55.20,58.3 2 0
github.com/The-DevOps-Daily/terraform-provider-validatefx/internal/validators/arn.go:59.2,59.38 1 1
github.com/The-DevOps-Daily/terraform-provider-validatefx/internal/validators/arn.go:59.38,62.3 2 0
github.com/The-DevOps-Daily/terraform-provider-validatefx/internal/validators/arn.go:65.2,65.19 1 1
github.com/The-DevOps-Daily/terraform-provider-validatefx/internal/validators/arn.go:66.37,66.37 0 1
github.com/The-DevOps-Daily/terraform-provider-validatefx/internal/validators/arn.go:68.10,68.10 0 0
github.com/The-DevOps-Daily/terraform-provider-validatefx/internal/validators/arn.go:72.2,72.17 1 1
github.com/The-DevOps-Daily/terraform-provider-validatefx/internal/validators/arn.go:73.12,75.19 1 1
github.com/The-DevOps-Daily/terraform-provider-validatefx/internal/validators/arn.go:75.19,78.4 2 1
github.com/The-DevOps-Daily/terraform-provider-validatefx/internal/validators/arn.go:79.3,79.20 1 1
github.com/The-DevOps-Daily/terraform-provider-validatefx/internal/validators/arn.go:79.20,82.4 2 0
github.com/The-DevOps-Daily/terraform-provider-validatefx/internal/validators/arn.go:83.3,83.9 1 1
github.com/The-DevOps-Daily/terraform-provider-validatefx/internal/validators/arn.go:84.13,86.19 1 1
github.com/The-DevOps-Daily/terraform-provider-validatefx/internal/validators/arn.go:86.19,89.4 2 1
github.com/The-DevOps-Daily/terraform-provider-validatefx/internal/validators/arn.go:90.3,90.38 1 1
github.com/The-DevOps-Daily/terraform-provider-validatefx/internal/validators/arn.go:90.38,93.4 2 0
github.com/The-DevOps-Daily/terraform-provider-validatefx/internal/validators/arn.go:94.3,94.221 1 1
github.com/The-DevOps-Daily/terraform-provider-validatefx/internal/validators/arn.go:94.221,97.4 2 0
github.com/The-DevOps-Daily/terraform-provider-validatefx/internal/validators/arn.go:98.3,98.9 1 1
github.com/The-DevOps-Daily/terraform-provider-validatefx/internal/validators/arn.go:99.16,101.36 1 1
github.com/The-DevOps-Daily/terraform-provider-validatefx/internal/validators/arn.go:101.36,104.4 2 1
github.com/The-DevOps-Daily/terraform-provider-validatefx/internal/validators/arn.go:105.3,105.38 1 1
github.com/The-DevOps-Daily/terraform-provider-validatefx/internal/validators/arn.go:105.38,108.4 2 1
github.com/The-DevOps-Daily/terraform-provider-validatefx/internal/validators/arn.go:109.3,109.48 1 1
github.com/The-DevOps-Daily/terraform-provider-validatefx/internal/validators/arn.go:109.48,112.4 2 1
github.com/The-DevOps-Daily/terraform-provider-validatefx/internal/validators/arn.go:113.3,113.9 1 1
github.com/The-DevOps-Daily/terraform-provider-validatefx/internal/validators/arn.go:114.10,116.55 1 1
github.com/The-DevOps-Daily/terraform-provider-validatefx/internal/validators/arn.go:116.55,119.4 2 1
github.com/The-DevOps-Daily/terraform-provider-validatefx/internal/validators/arn.go:120.3,120.52 1 0
github.com/The-DevOps-Daily/terraform-provider-validatefx/internal/validators/arn.go:120.52,123.4 2 0
github.com/The-DevOps-Daily/terraform-provider-validatefx/internal/validators/arn.go:124.3,124.9 1 0
github.com/The-DevOps-Daily/terraform-provider-validatefx/internal/validators/base32.go:16.50,16.78 1 1
github.com/The-DevOps-Daily/terraform-provider-validatefx/internal/validators/base32.go:18.62,18.104 1 1
github.com/The-DevOps-Daily/terraform-provider-validatefx/internal/validators/base32.go:19.70,21.2 1 1
github.com/The-DevOps-Daily/terraform-provider-validatefx/internal/validators/base32.go:23.137,24.100 1 1
github.com/The-DevOps-Daily/terraform-provider-validatefx/internal/validators/base32.go:24.100,26.3 1 1
github.com/The-DevOps-Daily/terraform-provider-validatefx/internal/validators/base32.go:28.2,28.90 1 1
github.com/The-DevOps-Daily/terraform-provider-validatefx/internal/validators/base32.go:28.90,34.3 1 1
github.com/The-DevOps-Daily/terraform-provider-validatefx/internal/validators/base64.go:13.50,15.2 1 1
github.com/The-DevOps-Daily/terraform-provider-validatefx/internal/validators/base64.go:19.62,21.2 1 1
github.com/The-DevOps-Daily/terraform-provider-validatefx/internal/validators/base64.go:23.70,25.2 1 1
github.com/The-DevOps-Daily/terraform-provider-validatefx/internal/validators/base64.go:27.137,28.100 1 1
github.com/The-DevOps-Daily/terraform-provider-validatefx/internal/validators/base64.go:28.100,30.3 1 1
github.com/The-DevOps-Daily/terraform-provider-validatefx/internal/validators/base64.go:32.2,32.90 1 1
github.com/The-DevOps-Daily/terraform-provider-validatefx/internal/validators/base64.go:32.90,38.3 1 1
github.com/The-DevOps-Daily/terraform-provider-validatefx/internal/validators/between.go:15.63,20.2 1 1
github.com/The-DevOps-Daily/terraform-provider-validatefx/internal/validators/between.go:27.66,29.2 1 0
github.com/The-DevOps-Daily/terraform-provider-validatefx/internal/validators/between.go:31.74,33.2 1 0
github.com/The-DevOps-Daily/terraform-provider-validatefx/internal/validators/between.go:35.141,36.61 1 1
github.com/The-DevOps-Daily/terraform-provider-validatefx/internal/validators/between.go:36.61,38.3 1 1
github.com/The-DevOps-Daily/terraform-provider-validatefx/internal/validators/between.go:40.2,41.17 2 1
github.com/The-DevOps-Daily/terraform-provider-validatefx/internal/validators/between.go:41.17,43.3 1 1
github.com/The-DevOps-Daily/terraform-provider-validatefx/internal/validators/between.go:45.2,46.23 2 1
github.com/The-DevOps-Daily/terraform-provider-validatefx/internal/validators/between.go:46.23,49.3 2 1
github.com/The-DevOps-Daily/terraform-provider-validatefx/internal/validators/between.go:51.2,51.22 1 1
github.com/The-DevOps-Daily/terraform-provider-validatefx/internal/validators/between.go:51.22,54.3 2 1
github.com/The-DevOps-Daily/terraform-provider-validatefx/internal/validators/between.go:56.2,56.12 1 1
github.com/The-DevOps-Daily/terraform-provider-validatefx/internal/validators/between.go:56.12,58.3 1 0
github.com/The-DevOps-Daily/terraform-provider-validatefx/internal/validators/between.go:61.99,67.23 5 1
github.com/The-DevOps-Daily/terraform-provider-validatefx/internal/validators/between.go:67.23,69.3 1 1
github.com/The-DevOps-Daily/terraform-provider-validatefx/internal/validators/between.go:71.2,72.22 2 1
github.com/The-DevOps-Daily/terraform-provider-validatefx/internal/validators/between.go:72.22,74.3 1 1
github.com/The-DevOps-Daily/terraform-provider-validatefx/internal/validators/between.go:76.2,76.24 1 1
github.com/The-DevOps-Daily/terraform-provider-validatefx/internal/validators/between.go:79.77,80.15 1 1
github.com/The-DevOps-Daily/terraform-provider-validatefx/internal/validators/between.go:80.15,82.3 1 1
github.com/The-DevOps-Daily/terraform-provider-validatefx/internal/validators/between.go:84.2,85.9 2 1
github.com/The-DevOps-Daily/terraform-provider-validatefx/internal/validators/between.go:85.9,90.3 1 1
github.com/The-DevOps-Daily/terraform-provider-validatefx/internal/validators/between.go:92.2,92.23 1 1
github.com/The-DevOps-Daily/terraform-provider-validatefx/internal/validators/between.go:95.102,97.17 2 1
github.com/The-DevOps-Daily/terraform-provider-validatefx/internal/validators/between.go:97.17,99.3 1 1
github.com/The-DevOps-Daily/terraform-provider-validatefx/internal/validators/between.go:101.2,102.17 2 1
github.com/The-DevOps-Daily/terraform-provider-validatefx/internal/validators/between.go:102.17,104.3 1 0
github.com/The-DevOps-Daily/terraform-provider-validatefx/internal/validators/between.go:106.2,106.43 1 1
github.com/The-DevOps-Daily/terraform-provider-validatefx/internal/validators/between.go:106.43,111.3 1 0
github.com/The-DevOps-Daily/terraform-provider-validatefx/internal/validators/between.go:113.2,113.38 1 1
github.com/The-DevOps-Daily/terraform-provider-validatefx/internal/validators/between.go:116.132,118.9 2 1
github.com/The-DevOps-Daily/terraform-provider-validatefx/internal/validators/between.go:118.9,123.3 1 1
github.com/The-DevOps-Daily/terraform-provider-validatefx/internal/validators/between.go:125.2,125.34 1 1
github.com/The-DevOps-Daily/terraform-provider-validatefx/internal/validators/between.go:125.34,130.3 1 1
github.com/The-DevOps-Daily/terraform-provider-validatefx/internal/validators/between.go:132.2,132.33 1 1
github.com/The-DevOps-Daily/terraform-provider-validatefx/internal/validators/between.go:132.33,137.3 1 1
github.com/The-DevOps-Daily/terraform-provider-validatefx/internal/validators/between.go:139.2,139.18 1 1
github.com/The-DevOps-Daily/terraform-provider-validatefx/internal/validators/cidr.go:15.39,17.2 1 1
github.com/The-DevOps-Daily/terraform-provider-validatefx/internal/validators/cidr.go:21.60,23.2 1 1
github.com/The-DevOps-Daily/terraform-provider-validatefx/internal/validators/cidr.go:25.68,27.2 1 1
github.com/The-DevOps-Daily/terraform-provider-validatefx/internal/validators/cidr.go:29.135,30.61 1 1
github.com/The-DevOps-Daily/terraform-provider-validatefx/internal/validators/cidr.go:30.61,32.3 1 1
github.com/The-DevOps-Daily/terraform-provider-validatefx/internal/validators/cidr.go:34.2,35.17 2 1
github.com/The-DevOps-Daily/terraform-provider-validatefx/internal/validators/cidr.go:35.17,37.3 1 1
github.com/The-DevOps-Daily/terraform-provider-validatefx/internal/validators/cidr.go:39.2,40.16 2 1
github.com/The-DevOps-Daily/terraform-provider-validatefx/internal/validators/cidr.go:40.16,41.60 1 1
github.com/The-DevOps-Daily/terraform-provider-validatefx/internal/validators/cidr.go:41.60,47.4 1 0
github.com/The-DevOps-Daily/terraform-provider-validatefx/internal/validators/cidr.go:48.3,48.9 1 1
github.com/The-DevOps-Daily/terraform-provider-validatefx/internal/validators/cidr.go:51.2,54.34 3 1
github.com/The-DevOps-Daily/terraform-provider-validatefx/internal/validators/cidr.go:54.34,56.54 2 1
github.com/The-DevOps-Daily/terraform-provider-validatefx/internal/validators/cidr.go:56.54,59.4 2 1
github.com/The-DevOps-Daily/terraform-provider-validatefx/internal/validators/cidr.go:62.2,62.63 1 1
github.com/The-DevOps-Daily/terraform-provider-validatefx/internal/validators/cidr_overlap.go:13.45,13.79 1 1
github.com/The-DevOps-Daily/terraform-provider-validatefx/internal/validators/cidr_overlap.go:16.63,17.14 1 1
github.com/The-DevOps-Daily/terraform-provider-validatefx/internal/validators/cidr_overlap.go:17.14,19.3 1 0
github.com/The-DevOps-Daily/terraform-provider-validatefx/internal/validators/cidr_overlap.go:22.2,30.28 3 1
github.com/The-DevOps-Daily/terraform-provider-validatefx/internal/validators/cidr_overlap.go:30.28,31.16 1 1
github.com/The-DevOps-Daily/terraform-provider-validatefx/internal/validators/cidr_overlap.go:31.16,33.4 1 1
github.com/The-DevOps-Daily/terraform-provider-validatefx/internal/validators/cidr_overlap.go:34.3,35.17 2 1
github.com/The-DevOps-Daily/terraform-provider-validatefx/internal/validators/cidr_overlap.go:35.17,37.4 1 1
github.com/The-DevOps-Daily/terraform-provider-validatefx/internal/validators/cidr_overlap.go:38.3,39.88 2 1
github.com/The-DevOps-Daily/terraform-provider-validatefx/internal/validators/cidr_overlap.go:43.2,43.35 1 1
github.com/The-DevOps-Daily/terraform-provider-validatefx/internal/validators/cidr_overlap.go:43.35,44.40 1 1
github.com/The-DevOps-Daily/terraform-provider-validatefx/internal/validators/cidr_overlap.go:44.40,47.24 2 1
github.com/The-DevOps-Daily/terraform-provider-validatefx/internal/validators/cidr_overlap.go:47.24,48.13 1 0
github.com/The-DevOps-Daily/terraform-provider-validatefx/internal/validators/cidr_overlap.go:50.4,50.60 1 1
github.com/The-DevOps-Daily/terraform-provider-validatefx/internal/validators/cidr_overlap.go:50.60,52.5 1 1
github.com/The-DevOps-Daily/terraform-provider-validatefx/internal/validators/cidr_overlap.go:56.2,56.12 1 1
github.com/The-DevOps-Daily/terraform-provider-validatefx/internal/validators/credit_card.go:15.45,17.2 1 1
github.com/The-DevOps-Daily/terraform-provider-validatefx/internal/validators/credit_card.go:21.66,23.2 1 1
github.com/The-DevOps-Daily/terraform-provider-validatefx/internal/validators/credit_card.go:25.74,27.2 1 1
github.com/The-DevOps-Daily/terraform-provider-validatefx/internal/validators/credit_card.go:29.141,30.61 1 1
github.com/The-DevOps-Daily/terraform-provider-validatefx/internal/validators/credit_card.go:30.61,32.3 1 1
github.com/The-DevOps-Daily/terraform-provider-validatefx/internal/validators/credit_card.go:34.2,36.17 2 1
github.com/The-DevOps-Daily/terraform-provider-validatefx/internal/validators/credit_card.go:36.17,38.3 1 1
github.com/The-DevOps-Daily/terraform-provider-validatefx/internal/validators/credit_card.go:40.2,40.31 1 1
github.com/The-DevOps-Daily/terraform-provider-validatefx/internal/validators/credit_card.go:40.31,46.3 1 1
github.com/The-DevOps-Daily/terraform-provider-validatefx/internal/validators/credit_card.go:50.48,56.34 3 1
github.com/The-DevOps-Daily/terraform-provider-validatefx/internal/validators/credit_card.go:56.34,57.31 1 1
github.com/The-DevOps-Daily/terraform-provider-validatefx/internal/validators/credit_card.go:57.31,59.4 1 1
github.com/The-DevOps-Daily/terraform-provider-validatefx/internal/validators/credit_card.go:63.2,64.32 2 1
github.com/The-DevOps-Daily/terraform-provider-validatefx/internal/validators/credit_card.go:64.32,66.3 1 1
github.com/The-DevOps-Daily/terraform-provider-validatefx/internal/validators/credit_card.go:69.2,69.41 1 1
github.com/The-DevOps-Daily/terraform-provider-validatefx/internal/validators/credit_card.go:69.41,71.3 1 1
github.com/The-DevOps-Daily/terraform-provider-validatefx/internal/validators/credit_card.go:73.2,73.30 1 1
github.com/The-DevOps-Daily/terraform-provider-validatefx/internal/validators/credit_card.go:77.40,82.44 3 1
github.com/The-DevOps-Daily/terraform-provider-validatefx/internal/validators/credit_card.go:82.44,84.17 2 1
github.com/The-DevOps-Daily/terraform-provider-validatefx/internal/validators/credit_card.go:84.17,86.4 1 0
github.com/The-DevOps-Daily/terraform-provider-validatefx/internal/validators/credit_card.go:88.3,88.16 1 1
github.com/The-DevOps-Daily/terraform-provider-validatefx/internal/validators/credit_card.go:88.16,90.17 2 1
github.com/The-DevOps-Daily/terraform-provider-validatefx/internal/validators/credit_card.go:90.17,92.5 1 1
github.com/The-DevOps-Daily/terraform-provider-validatefx/internal/validators/credit_card.go:95.3,96.25 2 1
github.com/The-DevOps-Daily/terraform-provider-validatefx/internal/validators/credit_card.go:99.2,99.20 1 1
github.com/The-DevOps-Daily/terraform-provider-validatefx/internal/validators/datetime.go:18.59,20.2 1 1
github.com/The-DevOps-Daily/terraform-provider-validatefx/internal/validators/datetime.go:26.67,28.2 1 0
github.com/The-DevOps-Daily/terraform-provider-validatefx/internal/validators/datetime.go:30.75,32.2 1 0
github.com/The-DevOps-Daily/terraform-provider-validatefx/internal/validators/datetime.go:34.142,35.61 1 1
github.com/The-DevOps-Daily/terraform-provider-validatefx/internal/validators/datetime.go:35.61,37.3 1 1
github.com/The-DevOps-Daily/terraform-provider-validatefx/internal/validators/datetime.go:39.2,40.17 2 1
github.com/The-DevOps-Daily/terraform-provider-validatefx/internal/validators/datetime.go:40.17,42.3 1 1
github.com/The-DevOps-Daily/terraform-provider-validatefx/internal/validators/datetime.go:44.2,45.23 2 1
github.com/The-DevOps-Daily/terraform-provider-validatefx/internal/validators/datetime.go:45.23,47.3 1 1
github.com/The-DevOps-Daily/terraform-provider-validatefx/internal/validators/datetime.go:49.2,49.63 1 1
github.com/The-DevOps-Daily/terraform-provider-validatefx/internal/validators/datetime.go:49.63,51.3 1 1
github.com/The-DevOps-Daily/terraform-provider-validatefx/internal/validators/datetime.go:54.50,55.23 1 1
github.com/The-DevOps-Daily/terraform-provider-validatefx/internal/validators/datetime.go:55.23,57.3 1 1
github.com/The-DevOps-Daily/terraform-provider-validatefx/internal/validators/datetime.go:59.2,61.33 3 1
github.com/The-DevOps-Daily/terraform-provider-validatefx/internal/validators/datetime.go:61.33,63.19 2 1
github.com/The-DevOps-Daily/terraform-provider-validatefx/internal/validators/datetime.go:63.19,64.12 1 0
github.com/The-DevOps-Daily/terraform-provider-validatefx/internal/validators/datetime.go:66.3,66.32 1 1
github.com/The-DevOps-Daily/terraform-provider-validatefx/internal/validators/datetime.go:66.32,67.12 1 0
github.com/The-DevOps-Daily/terraform-provider-validatefx/internal/validators/datetime.go:69.3,70.28 2 1
github.com/The-DevOps-Daily/terraform-provider-validatefx/internal/validators/datetime.go:73.2,73.13 1 1
github.com/The-DevOps-Daily/terraform-provider-validatefx/internal/validators/datetime.go:76.76,79.33 2 1
github.com/The-DevOps-Daily/terraform-provider-validatefx/internal/validators/datetime.go:79.33,80.19 1 1
github.com/The-DevOps-Daily/terraform-provider-validatefx/internal/validators/datetime.go:80.19,81.12 1 0
github.com/The-DevOps-Daily/terraform-provider-validatefx/internal/validators/datetime.go:84.3,84.38 1 1
github.com/The-DevOps-Daily/terraform-provider-validatefx/internal/validators/datetime.go:84.38,85.49 1 1
github.com/The-DevOps-Daily/terraform-provider-validatefx/internal/validators/datetime.go:85.49,87.5 1 1
github.com/The-DevOps-Daily/terraform-provider-validatefx/internal/validators/datetime.go:87.10,87.30 1 1
github.com/The-DevOps-Daily/terraform-provider-validatefx/internal/validators/datetime.go:87.30,89.5 1 1
github.com/The-DevOps-Daily/terraform-provider-validatefx/internal/validators/datetime.go:90.4,90.12 1 1
github.com/The-DevOps-Daily/terraform-provider-validatefx/internal/validators/datetime.go:93.3,93.54 1 1
github.com/The-DevOps-Daily/terraform-provider-validatefx/internal/validators/datetime.go:93.54,95.4 1 1
github.com/The-DevOps-Daily/terraform-provider-validatefx/internal/validators/datetime.go:95.9,95.29 1 1
github.com/The-DevOps-Daily/terraform-provider-validatefx/internal/validators/datetime.go:95.29,100.4 1 1
github.com/The-DevOps-Daily/terraform-provider-validatefx/internal/validators/datetime.go:103.2,103.21 1 1
github.com/The-DevOps-Daily/terraform-provider-validatefx/internal/validators/datetime.go:103.21,105.3 1 1
github.com/The-DevOps-Daily/terraform-provider-validatefx/internal/validators/datetime.go:107.2,110.3 1 0
github.com/The-DevOps-Daily/terraform-provider-validatefx/internal/validators/datetime.go:113.51,114.68 1 1
github.com/The-DevOps-Daily/terraform-provider-validatefx/internal/validators/datetime.go:114.68,116.3 1 1
github.com/The-DevOps-Daily/terraform-provider-validatefx/internal/validators/datetime.go:118.2,119.24 2 1
github.com/The-DevOps-Daily/terraform-provider-validatefx/internal/validators/datetime.go:119.24,124.3 1 1
github.com/The-DevOps-Daily/terraform-provider-validatefx/internal/validators/datetime.go:126.2,128.62 2 1
github.com/The-DevOps-Daily/terraform-provider-validatefx/internal/validators/datetime.go:128.62,133.3 1 1
github.com/The-DevOps-Daily/terraform-provider-validatefx/internal/validators/datetime.go:135.2,140.37 2 1
github.com/The-DevOps-Daily/terraform-provider-validatefx/internal/validators/datetime.go:140.37,141.57 1 1
github.com/The-DevOps-Daily/terraform-provider-validatefx/internal/validators/datetime.go:141.57,143.4 1 0
github.com/The-DevOps-Daily/terraform-provider-validatefx/internal/validators/datetime.go:146.2,149.3 1 1
github.com/The-DevOps-Daily/terraform-provider-validatefx/internal/validators/domain.go:20.41,22.2 1 1
github.com/The-DevOps-Daily/terraform-provider-validatefx/internal/validators/domain.go:26.62,28.2 1 1
github.com/The-DevOps-Daily/terraform-provider-validatefx/internal/validators/domain.go:30.70,32.2 1 1
github.com/The-DevOps-Daily/terraform-provider-validatefx/internal/validators/domain.go:34.137,35.61 1 1
github.com/The-DevOps-Daily/terraform-provider-validatefx/internal/validators/domain.go:35.61,37.3 1 1
github.com/The-DevOps-Daily/terraform-provider-validatefx/internal/validators/domain.go:39.2,41.17 2 1
github.com/The-DevOps-Daily/terraform-provider-validatefx/internal/validators/domain.go:41.17,43.3 1 1
github.com/The-DevOps-Daily/terraform-provider-validatefx/internal/validators/domain.go:45.2,45.27 1 1
github.com/The-DevOps-Daily/terraform-provider-validatefx/internal/validators/domain.go:45.27,51.3 1 1
github.com/The-DevOps-Daily/terraform-provider-validatefx/internal/validators/domain.go:55.40,57.43 1 1
github.com/The-DevOps-Daily/terraform-provider-validatefx/internal/validators/domain.go:57.43,59.3 1 1
github.com/The-DevOps-Daily/terraform-provider-validatefx/internal/validators/domain.go:62.2,62.36 1 1
github.com/The-DevOps-Daily/terraform-provider-validatefx/internal/validators/domain.go:62.36,64.3 1 1
github.com/The-DevOps-Daily/terraform-provider-validatefx/internal/validators/domain.go:67.2,67.22 1 1
github.com/The-DevOps-Daily/terraform-provider-validatefx/internal/validators/domain.go:67.22,69.3 1 1
github.com/The-DevOps-Daily/terraform-provider-validatefx/internal/validators/domain.go:72.2,75.21 2 1
github.com/The-DevOps-Daily/terraform-provider-validatefx/internal/validators/domain.go:75.21,77.3 1 1
github.com/The-DevOps-Daily/terraform-provider-validatefx/internal/validators/domain.go:80.2,80.31 1 1
github.com/The-DevOps-Daily/terraform-provider-validatefx/internal/validators/domain.go:80.31,81.27 1 1
github.com/The-DevOps-Daily/terraform-provider-validatefx/internal/validators/domain.go:81.27,83.4 1 1
github.com/The-DevOps-Daily/terraform-provider-validatefx/internal/validators/domain.go:87.2,88.29 2 1
github.com/The-DevOps-Daily/terraform-provider-validatefx/internal/validators/domain.go:88.29,90.3 1 1
github.com/The-DevOps-Daily/terraform-provider-validatefx/internal/validators/domain.go:92.2,92.13 1 1
github.com/The-DevOps-Daily/terraform-provider-validatefx/internal/validators/domain.go:96.38,98.40 1 1
github.com/The-DevOps-Daily/terraform-provider-validatefx/internal/validators/domain.go:98.40,100.3 1 1
github.com/The-DevOps-Daily/terraform-provider-validatefx/internal/validators/domain.go:103.2,103.68 1 1
github.com/The-DevOps-Daily/terraform-provider-validatefx/internal/validators/domain.go:103.68,105.3 1 1
github.com/The-DevOps-Daily/terraform-provider-validatefx/internal/validators/domain.go:108.2,108.43 1 1
github.com/The-DevOps-Daily/terraform-provider-validatefx/internal/validators/domain.go:112.34,113.17 1 1
github.com/The-DevOps-Daily/terraform-provider-validatefx/internal/validators/domain.go:113.17,115.3 1 0
github.com/The-DevOps-Daily/terraform-provider-validatefx/internal/validators/domain.go:116.2,116.25 1 1
github.com/The-DevOps-Daily/terraform-provider-validatefx/internal/validators/domain.go:116.25,117.31 1 1
github.com/The-DevOps-Daily/terraform-provider-validatefx/internal/validators/domain.go:117.31,119.4 1 1
github.com/The-DevOps-Daily/terraform-provider-validatefx/internal/validators/domain.go:121.2,121.13 1 1
github.com/The-DevOps-Daily/terraform-provider-validatefx/internal/validators/email.go:14.40,16.2 1 1
github.com/The-DevOps-Daily/terraform-provider-validatefx/internal/validators/email.go:20.61,22.2 1 1
github.com/The-DevOps-Daily/terraform-provider-validatefx/internal/validators/email.go:24.69,26.2 1 1
github.com/The-DevOps-Daily/terraform-provider-validatefx/internal/validators/email.go:28.136,29.61 1 1
github.com/The-DevOps-Daily/terraform-provider-validatefx/internal/validators/email.go:29.61,31.3 1 1
github.com/The-DevOps-Daily/terraform-provider-validatefx/internal/validators/email.go:33.2,35.17 2 1
github.com/The-DevOps-Daily/terraform-provider-validatefx/internal/validators/email.go:35.17,37.3 1 1
github.com/The-DevOps-Daily/terraform-provider-validatefx/internal/validators/email.go:39.2,39.52 1 1
github.com/The-DevOps-Daily/terraform-provider-validatefx/internal/validators/email.go:39.52,45.3 1 1
github.com/The-DevOps-Daily/terraform-provider-validatefx/internal/validators/fqdn.go:12.39,12.65 1 1
github.com/The-DevOps-Daily/terraform-provider-validatefx/internal/validators/fqdn.go:24.60,26.2 1 1
github.com/The-DevOps-Daily/terraform-provider-validatefx/internal/validators/fqdn.go:28.72,28.101 1 1
github.com/The-DevOps-Daily/terraform-provider-validatefx/internal/validators/fqdn.go:30.135,31.61 1 1
github.com/The-DevOps-Daily/terraform-provider-validatefx/internal/validators/fqdn.go:31.61,33.3 1 1
github.com/The-DevOps-Daily/terraform-provider-validatefx/internal/validators/fqdn.go:35.2,36.15 2 1
github.com/The-DevOps-Daily/terraform-provider-validatefx/internal/validators/fqdn.go:36.15,38.3 1 1
github.com/The-DevOps-Daily/terraform-provider-validatefx/internal/validators/fqdn.go:41.2,42.20 2 1
github.com/The-DevOps-Daily/terraform-provider-validatefx/internal/validators/fqdn.go:42.20,45.3 2 1
github.com/The-DevOps-Daily/terraform-provider-validatefx/internal/validators/fqdn.go:47.2,47.20 1 1
github.com/The-DevOps-Daily/terraform-provider-validatefx/internal/validators/fqdn.go:47.20,50.3 2 0
github.com/The-DevOps-Daily/terraform-provider-validatefx/internal/validators/fqdn.go:52.2,52.30 1 1
github.com/The-DevOps-Daily/terraform-provider-validatefx/internal/validators/fqdn.go:52.30,53.18 1 1
github.com/The-DevOps-Daily/terraform-provider-validatefx/internal/validators/fqdn.go:53.18,56.4 2 1
github.com/The-DevOps-Daily/terraform-provider-validatefx/internal/validators/fqdn.go:57.3,57.79 1 1
github.com/The-DevOps-Daily/terraform-provider-validatefx/internal/validators/fqdn.go:57.79,60.4 2 1
github.com/The-DevOps-Daily/terraform-provider-validatefx/internal/validators/hex.go:18.38,18.64 1 1
github.com/The-DevOps-Daily/terraform-provider-validatefx/internal/validators/hex.go:20.62,22.2 1 1
github.com/The-DevOps-Daily/terraform-provider-validatefx/internal/validators/hex.go:24.72,24.101 1 1
github.com/The-DevOps-Daily/terraform-provider-validatefx/internal/validators/hex.go:26.137,27.61 1 1
github.com/The-DevOps-Daily/terraform-provider-validatefx/internal/validators/hex.go:27.61,29.3 1 1
github.com/The-DevOps-Daily/terraform-provider-validatefx/internal/validators/hex.go:31.2,32.38 2 1
github.com/The-DevOps-Daily/terraform-provider-validatefx/internal/validators/hex.go:32.38,38.3 1 1
github.com/The-DevOps-Daily/terraform-provider-validatefx/internal/validators/hostname.go:17.43,19.2 1 1
github.com/The-DevOps-Daily/terraform-provider-validatefx/internal/validators/hostname.go:23.64,25.2 1 1
github.com/The-DevOps-Daily/terraform-provider-validatefx/internal/validators/hostname.go:27.72,29.2 1 1
github.com/The-DevOps-Daily/terraform-provider-validatefx/internal/validators/hostname.go:31.139,32.61 1 1
github.com/The-DevOps-Daily/terraform-provider-validatefx/internal/validators/hostname.go:32.61,34.3 1 1
github.com/The-DevOps-Daily/terraform-provider-validatefx/internal/validators/hostname.go:36.2,38.17 2 1
github.com/The-DevOps-Daily/terraform-provider-validatefx/internal/validators/hostname.go:38.17,40.3 1 1
github.com/The-DevOps-Daily/terraform-provider-validatefx/internal/validators/hostname.go:42.2,42.31 1 1
github.com/The-DevOps-Daily/terraform-provider-validatefx/internal/validators/hostname.go:42.31,48.3 1 1
github.com/The-DevOps-Daily/terraform-provider-validatefx/internal/validators/hostname.go:51.43,52.21 1 1
github.com/The-DevOps-Daily/terraform-provider-validatefx/internal/validators/hostname.go:52.21,54.3 1 0
github.com/The-DevOps-Daily/terraform-provider-validatefx/internal/validators/hostname.go:56.2,56.35 1 1
github.com/The-DevOps-Daily/terraform-provider-validatefx/internal/validators/hostname.go:56.35,58.3 1 1
github.com/The-DevOps-Daily/terraform-provider-validatefx/internal/validators/hostname.go:60.2,60.41 1 1
github.com/The-DevOps-Daily/terraform-provider-validatefx/internal/validators/hostname.go:60.41,62.3 1 1
github.com/The-DevOps-Daily/terraform-provider-validatefx/internal/validators/hostname.go:64.2,64.35 1 1
github.com/The-DevOps-Daily/terraform-provider-validatefx/internal/validators/hostname.go:64.35,66.3 1 1
github.com/The-DevOps-Daily/terraform-provider-validatefx/internal/validators/hostname.go:68.2,70.31 2 1
github.com/The-DevOps-Daily/terraform-provider-validatefx/internal/validators/hostname.go:70.31,71.30 1 1
github.com/The-DevOps-Daily/terraform-provider-validatefx/internal/validators/hostname.go:71.30,73.4 1 1
github.com/The-DevOps-Daily/terraform-provider-validatefx/internal/validators/hostname.go:76.2,76.13 1 1
github.com/The-DevOps-Daily/terraform-provider-validatefx/internal/validators/hostname.go:79.41,80.40 1 1
github.com/The-DevOps-Daily/terraform-provider-validatefx/internal/validators/hostname.go:80.40,82.3 1 1
github.com/The-DevOps-Daily/terraform-provider-validatefx/internal/validators/hostname.go:84.2,84.68 1 1
github.com/The-DevOps-Daily/terraform-provider-validatefx/internal/validators/hostname.go:84.68,86.3 1 1
github.com/The-DevOps-Daily/terraform-provider-validatefx/internal/validators/hostname.go:88.2,88.46 1 1
github.com/The-DevOps-Daily/terraform-provider-validatefx/internal/validators/in_list.go:21.85,25.35 3 1
github.com/The-DevOps-Daily/terraform-provider-validatefx/internal/validators/in_list.go:25.35,27.20 2 1
github.com/The-DevOps-Daily/terraform-provider-validatefx/internal/validators/in_list.go:27.20,28.12 1 0
github.com/The-DevOps-Daily/terraform-provider-validatefx/internal/validators/in_list.go:31.3,32.17 2 1
github.com/The-DevOps-Daily/terraform-provider-validatefx/internal/validators/in_list.go:32.17,34.4 1 1
github.com/The-DevOps-Daily/terraform-provider-validatefx/internal/validators/in_list.go:36.3,36.39 1 1
github.com/The-DevOps-Daily/terraform-provider-validatefx/internal/validators/in_list.go:36.39,37.12 1 0
github.com/The-DevOps-Daily/terraform-provider-validatefx/internal/validators/in_list.go:40.3,41.43 2 1
github.com/The-DevOps-Daily/terraform-provider-validatefx/internal/validators/in_list.go:44.2,48.3 1 1
github.com/The-DevOps-Daily/terraform-provider-validatefx/internal/validators/in_list.go:54.112,58.2 3 1
github.com/The-DevOps-Daily/terraform-provider-validatefx/internal/validators/in_list.go:60.65,62.2 1 0
github.com/The-DevOps-Daily/terraform-provider-validatefx/internal/validators/in_list.go:64.75,66.2 1 0
github.com/The-DevOps-Daily/terraform-provider-validatefx/internal/validators/in_list.go:68.140,69.61 1 1
github.com/The-DevOps-Daily/terraform-provider-validatefx/internal/validators/in_list.go:69.61,71.3 1 1
github.com/The-DevOps-Daily/terraform-provider-validatefx/internal/validators/in_list.go:73.2,73.25 1 1
github.com/The-DevOps-Daily/terraform-provider-validatefx/internal/validators/in_list.go:73.25,75.3 1 0
github.com/The-DevOps-Daily/terraform-provider-validatefx/internal/validators/in_list.go:77.2,79.18 3 1
github.com/The-DevOps-Daily/terraform-provider-validatefx/internal/validators/in_list.go:79.18,81.3 1 1
github.com/The-DevOps-Daily/terraform-provider-validatefx/internal/validators/in_list.go:83.2,83.32 1 1
github.com/The-DevOps-Daily/terraform-provider-validatefx/internal/validators/in_list.go:83.32,85.3 1 1
github.com/The-DevOps-Daily/terraform-provider-validatefx/internal/validators/in_list.go:87.2,88.15 2 1
github.com/The-DevOps-Daily/terraform-provider-validatefx/internal/validators/in_list.go:88.15,90.3 1 1
github.com/The-DevOps-Daily/terraform-provider-validatefx/internal/validators/in_list.go:91.2,95.3 1 1
github.com/The-DevOps-Daily/terraform-provider-validatefx/internal/validators/integer.go:19.42,19.72 1 1
github.com/The-DevOps-Daily/terraform-provider-validatefx/internal/validators/integer.go:21.66,23.2 1 0
github.com/The-DevOps-Daily/terraform-provider-validatefx/internal/validators/integer.go:25.76,25.105 1 0
github.com/The-DevOps-Daily/terraform-provider-validatefx/internal/validators/integer.go:27.141,28.61 1 1
github.com/The-DevOps-Daily/terraform-provider-validatefx/internal/validators/integer.go:28.61,30.3 1 1
github.com/The-DevOps-Daily/terraform-provider-validatefx/internal/validators/integer.go:32.2,33.17 2 1
github.com/The-DevOps-Daily/terraform-provider-validatefx/internal/validators/integer.go:33.17,35.3 1 1
github.com/The-DevOps-Daily/terraform-provider-validatefx/internal/validators/integer.go:37.2,37.35 1 1
github.com/The-DevOps-Daily/terraform-provider-validatefx/internal/validators/integer.go:37.35,43.3 1 1
github.com/The-DevOps-Daily/terraform-provider-validatefx/internal/validators/ip.go:14.37,16.2 1 1
github.com/The-DevOps-Daily/terraform-provider-validatefx/internal/validators/ip.go:20.58,22.2 1 1
github.com/The-DevOps-Daily/terraform-provider-validatefx/internal/validators/ip.go:24.66,26.2 1 1
github.com/The-DevOps-Daily/terraform-provider-validatefx/internal/validators/ip.go:28.133,29.61 1 1
github.com/The-DevOps-Daily/terraform-provider-validatefx/internal/validators/ip.go:29.61,31.3 1 1
github.com/The-DevOps-Daily/terraform-provider-validatefx/internal/validators/ip.go:33.2,34.17 2 1
github.com/The-DevOps-Daily/terraform-provider-validatefx/internal/validators/ip.go:34.17,36.3 1 1
github.com/The-DevOps-Daily/terraform-provider-validatefx/internal/validators/ip.go:38.2,38.41 1 1
github.com/The-DevOps-Daily/terraform-provider-validatefx/internal/validators/ip.go:38.41,44.3 1 1
github.com/The-DevOps-Daily/terraform-provider-validatefx/internal/validators/ip_range_size.go:20.65,22.15 1 1
github.com/The-DevOps-Daily/terraform-provider-validatefx/internal/validators/ip_range_size.go:22.15,24.3 1 0
github.com/The-DevOps-Daily/terraform-provider-validatefx/internal/validators/ip_range_size.go:25.2,25.49 1 1
github.com/The-DevOps-Daily/terraform-provider-validatefx/internal/validators/ip_range_size.go:28.69,30.2 1 0
github.com/The-DevOps-Daily/terraform-provider-validatefx/internal/validators/ip_range_size.go:32.79,34.2 1 0
github.com/The-DevOps-Daily/terraform-provider-validatefx/internal/validators/ip_range_size.go:36.126,37.61 1 1
github.com/The-DevOps-Daily/terraform-provider-validatefx/internal/validators/ip_range_size.go:37.61,39.3 1 1
github.com/The-DevOps-Daily/terraform-provider-validatefx/internal/validators/ip_range_size.go:41.2,42.13 2 1
github.com/The-DevOps-Daily/terraform-provider-validatefx/internal/validators/ip_range_size.go:42.13,44.3 1 1
github.com/The-DevOps-Daily/terraform-provider-validatefx/internal/validators/ip_range_size.go:46.2,47.32 2 1
github.com/The-DevOps-Daily/terraform-provider-validatefx/internal/validators/ip_range_size.go:47.32,54.3 2 1
github.com/The-DevOps-Daily/terraform-provider-validatefx/internal/validators/ip_range_size.go:56.2,57.27 2 1
github.com/The-DevOps-Daily/terraform-provider-validatefx/internal/validators/ip_range_size.go:57.27,64.3 2 0
github.com/The-DevOps-Daily/terraform-provider-validatefx/internal/validators/ip_range_size.go:66.2,66.34 1 1
github.com/The-DevOps-Daily/terraform-provider-validatefx/internal/validators/ip_range_size.go:66.34,73.3 2 1
github.com/The-DevOps-Daily/terraform-provider-validatefx/internal/validators/json.go:14.39,16.2 1 1
github.com/The-DevOps-Daily/terraform-provider-validatefx/internal/validators/json.go:20.60,22.2 1 1
github.com/The-DevOps-Daily/terraform-provider-validatefx/internal/validators/json.go:24.68,26.2 1 1
github.com/The-DevOps-Daily/terraform-provider-validatefx/internal/validators/json.go:28.135,29.61 1 1
github.com/The-DevOps-Daily/terraform-provider-validatefx/internal/validators/json.go:29.61,31.3 1 1
github.com/The-DevOps-Daily/terraform-provider-validatefx/internal/validators/json.go:33.2,34.17 2 1
github.com/The-DevOps-Daily/terraform-provider-validatefx/internal/validators/json.go:34.17,36.3 1 1
github.com/The-DevOps-Daily/terraform-provider-validatefx/internal/validators/json.go:38.2,39.64 2 1
github.com/The-DevOps-Daily/terraform-provider-validatefx/internal/validators/json.go:39.64,46.3 2 1
github.com/The-DevOps-Daily/terraform-provider-validatefx/internal/validators/json.go:48.2,48.44 1 1
github.com/The-DevOps-Daily/terraform-provider-validatefx/internal/validators/json.go:48.44,54.3 1 1
github.com/The-DevOps-Daily/terraform-provider-validatefx/internal/validators/jwt.go:12.38,12.63 1 1
github.com/The-DevOps-Daily/terraform-provider-validatefx/internal/validators/jwt.go:18.59,20.2 1 1
github.com/The-DevOps-Daily/terraform-provider-validatefx/internal/validators/jwt.go:22.71,22.100 1 1
github.com/The-DevOps-Daily/terraform-provider-validatefx/internal/validators/jwt.go:24.134,25.61 1 1
github.com/The-DevOps-Daily/terraform-provider-validatefx/internal/validators/jwt.go:25.61,27.3 1 1
github.com/The-DevOps-Daily/terraform-provider-validatefx/internal/validators/jwt.go:29.2,30.15 2 1
github.com/The-DevOps-Daily/terraform-provider-validatefx/internal/validators/jwt.go:30.15,32.3 1 1
github.com/The-DevOps-Daily/terraform-provider-validatefx/internal/validators/jwt.go:34.2,35.21 2 1
github.com/The-DevOps-Daily/terraform-provider-validatefx/internal/validators/jwt.go:35.21,38.3 2 1
github.com/The-DevOps-Daily/terraform-provider-validatefx/internal/validators/jwt.go:40.2,40.26 1 1
github.com/The-DevOps-Daily/terraform-provider-validatefx/internal/validators/jwt.go:40.26,41.14 1 1
github.com/The-DevOps-Daily/terraform-provider-validatefx/internal/validators/jwt.go:41.14,44.4 2 1
github.com/The-DevOps-Daily/terraform-provider-validatefx/internal/validators/jwt.go:46.3,46.66 1 1
github.com/The-DevOps-Daily/terraform-provider-validatefx/internal/validators/jwt.go:46.66,49.4 2 1
github.com/The-DevOps-Daily/terraform-provider-validatefx/internal/validators/list_subset.go:19.59,22.28 3 1
github.com/The-DevOps-Daily/terraform-provider-validatefx/internal/validators/list_subset.go:22.28,23.24 1 1
github.com/The-DevOps-Daily/terraform-provider-validatefx/internal/validators/list_subset.go:23.24,24.12 1 0
github.com/The-DevOps-Daily/terraform-provider-validatefx/internal/validators/list_subset.go:26.3,27.25 2 1
github.com/The-DevOps-Daily/terraform-provider-validatefx/internal/validators/list_subset.go:29.2,29.56 1 1
github.com/The-DevOps-Daily/terraform-provider-validatefx/internal/validators/list_subset.go:36.69,38.2 1 0
github.com/The-DevOps-Daily/terraform-provider-validatefx/internal/validators/list_subset.go:40.79,42.2 1 0
github.com/The-DevOps-Daily/terraform-provider-validatefx/internal/validators/list_subset.go:44.140,45.61 1 1
github.com/The-DevOps-Daily/terraform-provider-validatefx/internal/validators/list_subset.go:45.61,47.3 1 0
github.com/The-DevOps-Daily/terraform-provider-validatefx/internal/validators/list_subset.go:49.2,50.71 2 1
github.com/The-DevOps-Daily/terraform-provider-validatefx/internal/validators/list_subset.go:50.71,53.3 2 0
github.com/The-DevOps-Daily/terraform-provider-validatefx/internal/validators/list_subset.go:55.2,56.27 2 1
github.com/The-DevOps-Daily/terraform-provider-validatefx/internal/validators/list_subset.go:56.27,57.36 1 1
github.com/The-DevOps-Daily/terraform-provider-validatefx/internal/validators/list_subset.go:57.36,58.12 1 0
github.com/The-DevOps-Daily/terraform-provider-validatefx/internal/validators/list_subset.go:60.3,60.48 1 1
github.com/The-DevOps-Daily/terraform-provider-validatefx/internal/validators/list_subset.go:60.48,62.4 1 1
github.com/The-DevOps-Daily/terraform-provider-validatefx/internal/validators/list_subset.go:64.2,64.24 1 1
github.com/The-DevOps-Daily/terraform-provider-validatefx/internal/validators/list_subset.go:64.24,66.3 1 1
github.com/The-DevOps-Daily/terraform-provider-validatefx/internal/validators/list_subset.go:69.137,70.61 1 1
github.com/The-DevOps-Daily/terraform-provider-validatefx/internal/validators/list_subset.go:70.61,72.3 1 0
github.com/The-DevOps-Daily/terraform-provider-validatefx/internal/validators/list_subset.go:74.2,75.71 2 1
github.com/The-DevOps-Daily/terraform-provider-validatefx/internal/validators/list_subset.go:75.71,78.3 2 0
github.com/The-DevOps-Daily/terraform-provider-validatefx/internal/validators/list_subset.go:80.2,81.27 2 1
github.com/The-DevOps-Daily/terraform-provider-validatefx/internal/validators/list_subset.go:81.27,82.36 1 1
github.com/The-DevOps-Daily/terraform-provider-validatefx/internal/validators/list_subset.go:82.36,83.12 1 0
github.com/The-DevOps-Daily/terraform-provider-validatefx/internal/validators/list_subset.go:85.3,85.48 1 1
github.com/The-DevOps-Daily/terraform-provider-validatefx/internal/validators/list_subset.go:85.48,87.4 1 1
github.com/The-DevOps-Daily/terraform-provider-validatefx/internal/validators/list_subset.go:89.2,89.24 1 1
github.com/The-DevOps-Daily/terraform-provider-validatefx/internal/validators/list_subset.go:89.24,91.3 1 1
github.com/The-DevOps-Daily/terraform-provider-validatefx/internal/validators/mac_address.go:14.45,16.2 1 1
github.com/The-DevOps-Daily/terraform-provider-validatefx/internal/validators/mac_address.go:20.66,22.2 1 1
github.com/The-DevOps-Daily/terraform-provider-validatefx/internal/validators/mac_address.go:24.74,26.2 1 1
github.com/The-DevOps-Daily/terraform-provider-validatefx/internal/validators/mac_address.go:28.141,29.61 1 1
github.com/The-DevOps-Daily/terraform-provider-validatefx/internal/validators/mac_address.go:29.61,31.3 1 1
github.com/The-DevOps-Daily/terraform-provider-validatefx/internal/validators/mac_address.go:33.2,34.17 2 1
github.com/The-DevOps-Daily/terraform-provider-validatefx/internal/validators/mac_address.go:34.17,36.3 1 1
github.com/The-DevOps-Daily/terraform-provider-validatefx/internal/validators/mac_address.go:38.2,38.54 1 1
github.com/The-DevOps-Daily/terraform-provider-validatefx/internal/validators/mac_address.go:38.54,44.3 1 1
github.com/The-DevOps-Daily/terraform-provider-validatefx/internal/validators/mac_address.go:48.56,50.19 2 1
github.com/The-DevOps-Daily/terraform-provider-validatefx/internal/validators/mac_address.go:50.19,52.3 1 0
github.com/The-DevOps-Daily/terraform-provider-validatefx/internal/validators/mac_address.go:54.2,55.16 2 1
github.com/The-DevOps-Daily/terraform-provider-validatefx/internal/validators/mac_address.go:55.16,57.3 1 1
github.com/The-DevOps-Daily/terraform-provider-validatefx/internal/validators/mac_address.go:59.2,59.20 1 1
github.com/The-DevOps-Daily/terraform-provider-validatefx/internal/validators/mac_address.go:59.20,61.3 1 1
github.com/The-DevOps-Daily/terraform-provider-validatefx/internal/validators/mac_address.go:63.2,63.37 1 1
github.com/The-DevOps-Daily/terraform-provider-validatefx/internal/validators/mac_address.go:66.39,67.26 1 1
github.com/The-DevOps-Daily/terraform-provider-validatefx/internal/validators/mac_address.go:67.26,68.75 1 1
github.com/The-DevOps-Daily/terraform-provider-validatefx/internal/validators/mac_address.go:68.75,70.4 1 1
github.com/The-DevOps-Daily/terraform-provider-validatefx/internal/validators/mac_address.go:72.2,72.13 1 1
github.com/The-DevOps-Daily/terraform-provider-validatefx/internal/validators/mac_address.go:75.53,79.9 3 1
github.com/The-DevOps-Daily/terraform-provider-validatefx/internal/validators/mac_address.go:80.27,81.61 1 1
github.com/The-DevOps-Daily/terraform-provider-validatefx/internal/validators/mac_address.go:82.16,83.18 1 1
github.com/The-DevOps-Daily/terraform-provider-validatefx/internal/validators/mac_address.go:84.15,85.18 1 1
github.com/The-DevOps-Daily/terraform-provider-validatefx/internal/validators/mac_address.go:86.10,87.16 1 1
github.com/The-DevOps-Daily/terraform-provider-validatefx/internal/validators/mac_address.go:91.74,93.21 2 1
github.com/The-DevOps-Daily/terraform-provider-validatefx/internal/validators/mac_address.go:93.21,95.3 1 1
github.com/The-DevOps-Daily/terraform-provider-validatefx/internal/validators/mac_address.go:97.2,97.29 1 1
github.com/The-DevOps-Daily/terraform-provider-validatefx/internal/validators/mac_address.go:97.29,98.21 1 1
github.com/The-DevOps-Daily/terraform-provider-validatefx/internal/validators/mac_address.go:98.21,100.4 1 0
github.com/The-DevOps-Daily/terraform-provider-validatefx/internal/validators/mac_address.go:101.3,101.27 1 1
github.com/The-DevOps-Daily/terraform-provider-validatefx/internal/validators/mac_address.go:101.27,103.4 1 1
github.com/The-DevOps-Daily/terraform-provider-validatefx/internal/validators/mac_address.go:106.2,106.54 1 1
github.com/The-DevOps-Daily/terraform-provider-validatefx/internal/validators/mac_address.go:109.56,110.22 1 1
github.com/The-DevOps-Daily/terraform-provider-validatefx/internal/validators/mac_address.go:110.22,112.3 1 1
github.com/The-DevOps-Daily/terraform-provider-validatefx/internal/validators/mac_address.go:114.2,114.27 1 1
github.com/The-DevOps-Daily/terraform-provider-validatefx/internal/validators/mac_address.go:114.27,116.3 1 1
github.com/The-DevOps-Daily/terraform-provider-validatefx/internal/validators/mac_address.go:118.2,118.36 1 1
github.com/The-DevOps-Daily/terraform-provider-validatefx/internal/validators/matches_regex.go:12.61,14.2 1 1
github.com/The-DevOps-Daily/terraform-provider-validatefx/internal/validators/matches_regex.go:20.70,22.2 1 0
github.com/The-DevOps-Daily/terraform-provider-validatefx/internal/validators/matches_regex.go:24.78,26.2 1 0
github.com/The-DevOps-Daily/terraform-provider-validatefx/internal/validators/matches_regex.go:28.145,29.61 1 1
github.com/The-DevOps-Daily/terraform-provider-validatefx/internal/validators/matches_regex.go:29.61,31.3 1 1
github.com/The-DevOps-Daily/terraform-provider-validatefx/internal/validators/matches_regex.go:33.2,34.17 2 1
github.com/The-DevOps-Daily/terraform-provider-validatefx/internal/validators/matches_regex.go:34.17,36.3 1 1
github.com/The-DevOps-Daily/terraform-provider-validatefx/internal/validators/matches_regex.go:38.2,39.16 2 1
github.com/The-DevOps-Daily/terraform-provider-validatefx/internal/validators/matches_regex.go:39.16,46.3 2 1
github.com/The-DevOps-Daily/terraform-provider-validatefx/internal/validators/matches_regex.go:48.2,48.34 1 1
github.com/The-DevOps-Daily/terraform-provider-validatefx/internal/validators/matches_regex.go:48.34,54.3 1 1
github.com/The-DevOps-Daily/terraform-provider-validatefx/internal/validators/not_in_list.go:20.88,24.35 3 1
github.com/The-DevOps-Daily/terraform-provider-validatefx/internal/validators/not_in_list.go:24.35,26.20 2 1
github.com/The-DevOps-Daily/terraform-provider-validatefx/internal/validators/not_in_list.go:26.20,27.12 1 0
github.com/The-DevOps-Daily/terraform-provider-validatefx/internal/validators/not_in_list.go:30.3,31.17 2 1
github.com/The-DevOps-Daily/terraform-provider-validatefx/internal/validators/not_in_list.go:31.17,33.4 1 1
github.com/The-DevOps-Daily/terraform-provider-validatefx/internal/validators/not_in_list.go:35.3,35.39 1 1
github.com/The-DevOps-Daily/terraform-provider-validatefx/internal/validators/not_in_list.go:35.39,36.12 1 0
github.com/The-DevOps-Daily/terraform-provider-validatefx/internal/validators/not_in_list.go:39.3,40.43 2 1
github.com/The-DevOps-Daily/terraform-provider-validatefx/internal/validators/not_in_list.go:43.2,47.3 1 1
github.com/The-DevOps-Daily/terraform-provider-validatefx/internal/validators/not_in_list.go:50.68,52.2 1 0
github.com/The-DevOps-Daily/terraform-provider-validatefx/internal/validators/not_in_list.go:54.78,56.2 1 0
github.com/The-DevOps-Daily/terraform-provider-validatefx/internal/validators/not_in_list.go:58.143,59.61 1 1
github.com/The-DevOps-Daily/terraform-provider-validatefx/internal/validators/not_in_list.go:59.61,61.3 1 1
github.com/The-DevOps-Daily/terraform-provider-validatefx/internal/validators/not_in_list.go:63.2,63.28 1 1
github.com/The-DevOps-Daily/terraform-provider-validatefx/internal/validators/not_in_list.go:63.28,65.3 1 0
github.com/The-DevOps-Daily/terraform-provider-validatefx/internal/validators/not_in_list.go:67.2,69.18 3 1
github.com/The-DevOps-Daily/terraform-provider-validatefx/internal/validators/not_in_list.go:69.18,71.3 1 1
github.com/The-DevOps-Daily/terraform-provider-validatefx/internal/validators/not_in_list.go:73.2,73.32 1 1
github.com/The-DevOps-Daily/terraform-provider-validatefx/internal/validators/not_in_list.go:73.32,80.3 2 1
github.com/The-DevOps-Daily/terraform-provider-validatefx/internal/validators/password_strength.go:11.60,11.89 1 1
github.com/The-DevOps-Daily/terraform-provider-validatefx/internal/validators/password_strength.go:17.63,19.2 1 0
github.com/The-DevOps-Daily/terraform-provider-validatefx/internal/validators/password_strength.go:21.73,23.2 1 0
github.com/The-DevOps-Daily/terraform-provider-validatefx/internal/validators/password_strength.go:25.138,26.100 1 1
github.com/The-DevOps-Daily/terraform-provider-validatefx/internal/validators/password_strength.go:26.100,28.3 1 1
github.com/The-DevOps-Daily/terraform-provider-validatefx/internal/validators/password_strength.go:30.2,31.16 2 1
github.com/The-DevOps-Daily/terraform-provider-validatefx/internal/validators/password_strength.go:31.16,34.3 2 1
github.com/The-DevOps-Daily/terraform-provider-validatefx/internal/validators/password_strength.go:36.2,41.57 5 1
github.com/The-DevOps-Daily/terraform-provider-validatefx/internal/validators/password_strength.go:41.57,43.3 1 1
github.com/The-DevOps-Daily/terraform-provider-validatefx/internal/validators/phone.go:16.40,18.2 1 1
github.com/The-DevOps-Daily/terraform-provider-validatefx/internal/validators/phone.go:23.61,25.2 1 1
github.com/The-DevOps-Daily/terraform-provider-validatefx/internal/validators/phone.go:28.69,30.2 1 1
github.com/The-DevOps-Daily/terraform-provider-validatefx/internal/validators/phone.go:33.136,34.61 1 1
github.com/The-DevOps-Daily/terraform-provider-validatefx/internal/validators/phone.go:34.61,36.3 1 1
github.com/The-DevOps-Daily/terraform-provider-validatefx/internal/validators/phone.go:38.2,39.17 2 1
github.com/The-DevOps-Daily/terraform-provider-validatefx/internal/validators/phone.go:39.17,41.3 1 1
github.com/The-DevOps-Daily/terraform-provider-validatefx/internal/validators/phone.go:43.2,43.40 1 1
github.com/The-DevOps-Daily/terraform-provider-validatefx/internal/validators/phone.go:43.40,49.3 1 1
github.com/The-DevOps-Daily/terraform-provider-validatefx/internal/validators/port_number.go:16.45,16.78 1 1
github.com/The-DevOps-Daily/terraform-provider-validatefx/internal/validators/port_number.go:20.69,22.2 1 0
github.com/The-DevOps-Daily/terraform-provider-validatefx/internal/validators/port_number.go:24.79,26.2 1 0
github.com/The-DevOps-Daily/terraform-provider-validatefx/internal/validators/port_number.go:28.144,29.61 1 1
github.com/The-DevOps-Daily/terraform-provider-validatefx/internal/validators/port_number.go:29.61,31.3 1 0
github.com/The-DevOps-Daily/terraform-provider-validatefx/internal/validators/port_number.go:33.2,35.38 3 1
github.com/The-DevOps-Daily/terraform-provider-validatefx/internal/validators/port_number.go:35.38,42.3 2 1
github.com/The-DevOps-Daily/terraform-provider-validatefx/internal/validators/port_range.go:20.44,22.2 1 1
github.com/The-DevOps-Daily/terraform-provider-validatefx/internal/validators/port_range.go:26.68,28.2 1 0
github.com/The-DevOps-Daily/terraform-provider-validatefx/internal/validators/port_range.go:30.78,32.2 1 0
github.com/The-DevOps-Daily/terraform-provider-validatefx/internal/validators/port_range.go:34.143,35.61 1 1
github.com/The-DevOps-Daily/terraform-provider-validatefx/internal/validators/port_range.go:35.61,37.3 1 1
github.com/The-DevOps-Daily/terraform-provider-validatefx/internal/validators/port_range.go:39.2,41.17 3 1
github.com/The-DevOps-Daily/terraform-provider-validatefx/internal/validators/port_range.go:41.17,48.3 2 1
github.com/The-DevOps-Daily/terraform-provider-validatefx/internal/validators/port_range.go:50.2,53.73 3 1
github.com/The-DevOps-Daily/terraform-provider-validatefx/internal/validators/port_range.go:53.73,60.3 2 1
github.com/The-DevOps-Daily/terraform-provider-validatefx/internal/validators/private_ip.go:15.44,17.2 1 1
github.com/The-DevOps-Daily/terraform-provider-validatefx/internal/validators/private_ip.go:21.68,23.2 1 1
github.com/The-DevOps-Daily/terraform-provider-validatefx/internal/validators/private_ip.go:25.78,27.2 1 1
github.com/The-DevOps-Daily/terraform-provider-validatefx/internal/validators/private_ip.go:29.143,30.61 1 1
github.com/The-DevOps-Daily/terraform-provider-validatefx/internal/validators/private_ip.go:30.61,32.3 1 1
github.com/The-DevOps-Daily/terraform-provider-validatefx/internal/validators/private_ip.go:34.2,36.15 3 1
github.com/The-DevOps-Daily/terraform-provider-validatefx/internal/validators/private_ip.go:36.15,43.3 2 1
github.com/The-DevOps-Daily/terraform-provider-validatefx/internal/validators/private_ip.go:46.2,46.21 1 1
github.com/The-DevOps-Daily/terraform-provider-validatefx/internal/validators/private_ip.go:46.21,48.3 1 1
github.com/The-DevOps-Daily/terraform-provider-validatefx/internal/validators/private_ip.go:50.2,54.3 1 1
github.com/The-DevOps-Daily/terraform-provider-validatefx/internal/validators/private_ip.go:57.34,58.33 1 1
github.com/The-DevOps-Daily/terraform-provider-validatefx/internal/validators/private_ip.go:58.33,60.3 1 1
github.com/The-DevOps-Daily/terraform-provider-validatefx/internal/validators/private_ip.go:61.2,61.26 1 1
github.com/The-DevOps-Daily/terraform-provider-validatefx/internal/validators/private_ip.go:64.37,66.18 1 1
github.com/The-DevOps-Daily/terraform-provider-validatefx/internal/validators/private_ip.go:66.18,68.3 1 1
github.com/The-DevOps-Daily/terraform-provider-validatefx/internal/validators/private_ip.go:70.2,70.51 1 1
github.com/The-DevOps-Daily/terraform-provider-validatefx/internal/validators/private_ip.go:70.51,72.3 1 1
github.com/The-DevOps-Daily/terraform-provider-validatefx/internal/validators/private_ip.go:74.2,74.36 1 1
github.com/The-DevOps-Daily/terraform-provider-validatefx/internal/validators/private_ip.go:74.36,76.3 1 1
github.com/The-DevOps-Daily/terraform-provider-validatefx/internal/validators/private_ip.go:77.2,77.14 1 1
github.com/The-DevOps-Daily/terraform-provider-validatefx/internal/validators/private_ip.go:80.36,83.28 1 1
github.com/The-DevOps-Daily/terraform-provider-validatefx/internal/validators/private_ip.go:83.28,85.31 2 1
github.com/The-DevOps-Daily/terraform-provider-validatefx/internal/validators/private_ip.go:85.31,87.4 1 1
github.com/The-DevOps-Daily/terraform-provider-validatefx/internal/validators/private_ip.go:89.2,89.14 1 1
github.com/The-DevOps-Daily/terraform-provider-validatefx/internal/validators/private_ip.go:93.36,94.33 1 1
github.com/The-DevOps-Daily/terraform-provider-validatefx/internal/validators/private_ip.go:94.33,96.3 1 1
github.com/The-DevOps-Daily/terraform-provider-validatefx/internal/validators/private_ip.go:98.2,98.28 1 1
github.com/The-DevOps-Daily/terraform-provider-validatefx/internal/validators/private_ip.go:98.28,100.3 1 1
github.com/The-DevOps-Daily/terraform-provider-validatefx/internal/validators/private_ip.go:101.2,101.14 1 0
github.com/The-DevOps-Daily/terraform-provider-validatefx/internal/validators/private_ip.go:107.35,108.33 1 1
github.com/The-DevOps-Daily/terraform-provider-validatefx/internal/validators/private_ip.go:108.33,110.3 1 1
github.com/The-DevOps-Daily/terraform-provider-validatefx/internal/validators/private_ip.go:111.2,111.27 1 1
github.com/The-DevOps-Daily/terraform-provider-validatefx/internal/validators/private_ip.go:117.13,131.23 2 1
github.com/The-DevOps-Daily/terraform-provider-validatefx/internal/validators/private_ip.go:131.23,132.48 1 1
github.com/The-DevOps-Daily/terraform-provider-validatefx/internal/validators/private_ip.go:132.48,134.4 1 1
github.com/The-DevOps-Daily/terraform-provider-validatefx/internal/validators/private_ip.go:138.2,144.23 2 1
github.com/The-DevOps-Daily/terraform-provider-validatefx/internal/validators/private_ip.go:144.23,145.48 1 1
github.com/The-DevOps-Daily/terraform-provider-validatefx/internal/validators/private_ip.go:145.48,147.4 1 1
github.com/The-DevOps-Daily/terraform-provider-validatefx/internal/validators/private_ip.go:151.38,153.37 2 1
github.com/The-DevOps-Daily/terraform-provider-validatefx/internal/validators/private_ip.go:153.37,154.21 1 1
github.com/The-DevOps-Daily/terraform-provider-validatefx/internal/validators/private_ip.go:154.21,156.4 1 0
github.com/The-DevOps-Daily/terraform-provider-validatefx/internal/validators/private_ip.go:158.2,158.14 1 1
github.com/The-DevOps-Daily/terraform-provider-validatefx/internal/validators/private_ip.go:161.37,162.28 1 1
github.com/The-DevOps-Daily/terraform-provider-validatefx/internal/validators/private_ip.go:162.28,164.3 1 0
github.com/The-DevOps-Daily/terraform-provider-validatefx/internal/validators/private_ip.go:165.2,165.37 1 1
github.com/The-DevOps-Daily/terraform-provider-validatefx/internal/validators/private_ip.go:165.37,166.21 1 1
github.com/The-DevOps-Daily/terraform-provider-validatefx/internal/validators/private_ip.go:166.21,168.4 1 0
github.com/The-DevOps-Daily/terraform-provider-validatefx/internal/validators/private_ip.go:170.2,170.14 1 1
github.com/The-DevOps-Daily/terraform-provider-validatefx/internal/validators/public_ip.go:15.43,15.74 1 1
github.com/The-DevOps-Daily/terraform-provider-validatefx/internal/validators/public_ip.go:19.67,21.2 1 1
github.com/The-DevOps-Daily/terraform-provider-validatefx/internal/validators/public_ip.go:23.77,25.2 1 1
github.com/The-DevOps-Daily/terraform-provider-validatefx/internal/validators/public_ip.go:27.142,28.61 1 1
github.com/The-DevOps-Daily/terraform-provider-validatefx/internal/validators/public_ip.go:28.61,30.3 1 0
github.com/The-DevOps-Daily/terraform-provider-validatefx/internal/validators/public_ip.go:32.2,34.15 3 1
github.com/The-DevOps-Daily/terraform-provider-validatefx/internal/validators/public_ip.go:34.15,37.3 2 1
github.com/The-DevOps-Daily/terraform-provider-validatefx/internal/validators/public_ip.go:39.2,39.21 1 1
github.com/The-DevOps-Daily/terraform-provider-validatefx/internal/validators/public_ip.go:39.21,42.3 2 1
github.com/The-DevOps-Daily/terraform-provider-validatefx/internal/validators/public_ip.go:46.2,46.43 1 1
github.com/The-DevOps-Daily/terraform-provider-validatefx/internal/validators/public_ip.go:46.43,49.3 2 0
github.com/The-DevOps-Daily/terraform-provider-validatefx/internal/validators/semver.go:16.41,18.2 1 1
github.com/The-DevOps-Daily/terraform-provider-validatefx/internal/validators/semver.go:22.62,24.2 1 1
github.com/The-DevOps-Daily/terraform-provider-validatefx/internal/validators/semver.go:26.70,28.2 1 1
github.com/The-DevOps-Daily/terraform-provider-validatefx/internal/validators/semver.go:30.137,31.61 1 1
github.com/The-DevOps-Daily/terraform-provider-validatefx/internal/validators/semver.go:31.61,33.3 1 1
github.com/The-DevOps-Daily/terraform-provider-validatefx/internal/validators/semver.go:35.2,36.17 2 1
github.com/The-DevOps-Daily/terraform-provider-validatefx/internal/validators/semver.go:36.17,38.3 1 1
github.com/The-DevOps-Daily/terraform-provider-validatefx/internal/validators/semver.go:40.2,40.39 1 1
github.com/The-DevOps-Daily/terraform-provider-validatefx/internal/validators/semver.go:40.39,46.3 1 1
github.com/The-DevOps-Daily/terraform-provider-validatefx/internal/validators/semver_range.go:13.46,13.79 1 1
github.com/The-DevOps-Daily/terraform-provider-validatefx/internal/validators/semver_range.go:28.67,30.2 1 0
github.com/The-DevOps-Daily/terraform-provider-validatefx/internal/validators/semver_range.go:32.79,34.2 1 0
github.com/The-DevOps-Daily/terraform-provider-validatefx/internal/validators/semver_range.go:36.142,37.61 1 1
github.com/The-DevOps-Daily/terraform-provider-validatefx/internal/validators/semver_range.go:37.61,39.3 1 1
github.com/The-DevOps-Daily/terraform-provider-validatefx/internal/validators/semver_range.go:41.2,42.15 2 1
github.com/The-DevOps-Daily/terraform-provider-validatefx/internal/validators/semver_range.go:42.15,44.3 1 1
github.com/The-DevOps-Daily/terraform-provider-validatefx/internal/validators/semver_range.go:47.2,48.21 2 1
github.com/The-DevOps-Daily/terraform-provider-validatefx/internal/validators/semver_range.go:48.21,51.3 2 0
github.com/The-DevOps-Daily/terraform-provider-validatefx/internal/validators/semver_range.go:53.2,53.29 1 1
github.com/The-DevOps-Daily/terraform-provider-validatefx/internal/validators/semver_range.go:53.29,55.14 2 1
github.com/The-DevOps-Daily/terraform-provider-validatefx/internal/validators/semver_range.go:55.14,58.4 2 1
github.com/The-DevOps-Daily/terraform-provider-validatefx/internal/validators/semver_range.go:59.3,60.15 2 1
github.com/The-DevOps-Daily/terraform-provider-validatefx/internal/validators/semver_range.go:60.15,63.4 2 1
github.com/The-DevOps-Daily/terraform-provider-validatefx/internal/validators/semver_range.go:64.3,65.33 2 1
github.com/The-DevOps-Daily/terraform-provider-validatefx/internal/validators/semver_range.go:65.33,68.4 2 1
github.com/The-DevOps-Daily/terraform-provider-validatefx/internal/validators/set_equals.go:16.58,19.29 3 1
github.com/The-DevOps-Daily/terraform-provider-validatefx/internal/validators/set_equals.go:19.29,20.26 1 1
github.com/The-DevOps-Daily/terraform-provider-validatefx/internal/validators/set_equals.go:20.26,21.12 1 0
github.com/The-DevOps-Daily/terraform-provider-validatefx/internal/validators/set_equals.go:23.3,24.23 2 1
github.com/The-DevOps-Daily/terraform-provider-validatefx/internal/validators/set_equals.go:26.2,27.64 2 1
github.com/The-DevOps-Daily/terraform-provider-validatefx/internal/validators/set_equals.go:32.62,33.14 1 1
github.com/The-DevOps-Daily/terraform-provider-validatefx/internal/validators/set_equals.go:33.14,35.3 1 0
github.com/The-DevOps-Daily/terraform-provider-validatefx/internal/validators/set_equals.go:37.2,39.29 3 1
github.com/The-DevOps-Daily/terraform-provider-validatefx/internal/validators/set_equals.go:39.29,40.34 1 1
github.com/The-DevOps-Daily/terraform-provider-validatefx/internal/validators/set_equals.go:40.34,43.4 2 1
github.com/The-DevOps-Daily/terraform-provider-validatefx/internal/validators/set_equals.go:45.2,47.37 2 1
github.com/The-DevOps-Daily/terraform-provider-validatefx/internal/validators/set_equals.go:47.37,49.3 1 1
github.com/The-DevOps-Daily/terraform-provider-validatefx/internal/validators/set_equals.go:51.2,51.24 1 1
github.com/The-DevOps-Daily/terraform-provider-validatefx/internal/validators/set_equals.go:51.24,52.39 1 1
github.com/The-DevOps-Daily/terraform-provider-validatefx/internal/validators/set_equals.go:52.39,54.4 1 0
github.com/The-DevOps-Daily/terraform-provider-validatefx/internal/validators/set_equals.go:57.2,57.33 1 1
github.com/The-DevOps-Daily/terraform-provider-validatefx/internal/validators/set_equals.go:57.33,58.30 1 1
github.com/The-DevOps-Daily/terraform-provider-validatefx/internal/validators/set_equals.go:58.30,60.4 1 0
github.com/The-DevOps-Daily/terraform-provider-validatefx/internal/validators/set_equals.go:63.2,63.12 1 1
github.com/The-DevOps-Daily/terraform-provider-validatefx/internal/validators/ssh_public_key.go:16.56,16.90 1 1
github.com/The-DevOps-Daily/terraform-provider-validatefx/internal/validators/ssh_public_key.go:18.68,20.2 1 1
github.com/The-DevOps-Daily/terraform-provider-validatefx/internal/validators/ssh_public_key.go:22.78,24.2 1 1
github.com/The-DevOps-Daily/terraform-provider-validatefx/internal/validators/ssh_public_key.go:26.143,27.61 1 1
github.com/The-DevOps-Daily/terraform-provider-validatefx/internal/validators/ssh_public_key.go:27.61,29.3 1 1
github.com/The-DevOps-Daily/terraform-provider-validatefx/internal/validators/ssh_public_key.go:31.2,32.13 2 1
github.com/The-DevOps-Daily/terraform-provider-validatefx/internal/validators/ssh_public_key.go:32.13,39.3 2 1
github.com/The-DevOps-Daily/terraform-provider-validatefx/internal/validators/ssh_public_key.go:41.2,41.90 1 1
github.com/The-DevOps-Daily/terraform-provider-validatefx/internal/validators/ssh_public_key.go:41.90,47.3 1 1
github.com/The-DevOps-Daily/terraform-provider-validatefx/internal/validators/string_contains.go:15.85,23.2 2 1
github.com/The-DevOps-Daily/terraform-provider-validatefx/internal/validators/string_contains.go:31.73,32.28 1 1
github.com/The-DevOps-Daily/terraform-provider-validatefx/internal/validators/string_contains.go:32.28,34.3 1 0
github.com/The-DevOps-Daily/terraform-provider-validatefx/internal/validators/string_contains.go:36.2,36.88 1 1
github.com/The-DevOps-Daily/terraform-provider-validatefx/internal/validators/string_contains.go:39.83,41.2 1 1
github.com/The-DevOps-Daily/terraform-provider-validatefx/internal/validators/string_contains.go:43.148,44.61 1 1
github.com/The-DevOps-Daily/terraform-provider-validatefx/internal/validators/string_contains.go:44.61,46.3 1 1
github.com/The-DevOps-Daily/terraform-provider-validatefx/internal/validators/string_contains.go:48.2,48.28 1 1
github.com/The-DevOps-Daily/terraform-provider-validatefx/internal/validators/string_contains.go:48.28,50.3 1 1
github.com/The-DevOps-Daily/terraform-provider-validatefx/internal/validators/string_contains.go:52.2,54.18 3 1
github.com/The-DevOps-Daily/terraform-provider-validatefx/internal/validators/string_contains.go:54.18,56.3 1 1
github.com/The-DevOps-Daily/terraform-provider-validatefx/internal/validators/string_contains.go:58.2,58.41 1 1
github.com/The-DevOps-Daily/terraform-provider-validatefx/internal/validators/string_contains.go:58.41,59.45 1 1
github.com/The-DevOps-Daily/terraform-provider-validatefx/internal/validators/string_contains.go:59.45,61.4 1 1
github.com/The-DevOps-Daily/terraform-provider-validatefx/internal/validators/string_contains.go:64.2,68.3 1 1
github.com/The-DevOps-Daily/terraform-provider-validatefx/internal/validators/string_contains.go:71.83,76.29 4 1
github.com/The-DevOps-Daily/terraform-provider-validatefx/internal/validators/string_contains.go:76.29,78.20 2 1
github.com/The-DevOps-Daily/terraform-provider-validatefx/internal/validators/string_contains.go:78.20,79.12 1 0
github.com/The-DevOps-Daily/terraform-provider-validatefx/internal/validators/string_contains.go:82.3,83.12 2 1
github.com/The-DevOps-Daily/terraform-provider-validatefx/internal/validators/string_contains.go:83.12,85.4 1 1
github.com/The-DevOps-Daily/terraform-provider-validatefx/internal/validators/string_contains.go:87.3,87.37 1 1
github.com/The-DevOps-Daily/terraform-provider-validatefx/internal/validators/string_contains.go:87.37,88.12 1 1
github.com/The-DevOps-Daily/terraform-provider-validatefx/internal/validators/string_contains.go:91.3,94.39 3 1
github.com/The-DevOps-Daily/terraform-provider-validatefx/internal/validators/string_contains.go:97.2,97.28 1 1
github.com/The-DevOps-Daily/terraform-provider-validatefx/internal/validators/string_length.go:22.74,24.2 1 1
github.com/The-DevOps-Daily/terraform-provider-validatefx/internal/validators/string_length.go:27.127,29.61 1 1
github.com/The-DevOps-Daily/terraform-provider-validatefx/internal/validators/string_length.go:29.61,31.3 1 1
github.com/The-DevOps-Daily/terraform-provider-validatefx/internal/validators/string_length.go:33.2,36.37 3 1
github.com/The-DevOps-Daily/terraform-provider-validatefx/internal/validators/string_length.go:36.37,42.3 1 1
github.com/The-DevOps-Daily/terraform-provider-validatefx/internal/validators/string_length.go:44.2,44.37 1 1
github.com/The-DevOps-Daily/terraform-provider-validatefx/internal/validators/string_length.go:44.37,50.3 1 1
github.com/The-DevOps-Daily/terraform-provider-validatefx/internal/validators/string_length.go:54.70,55.9 1 1
github.com/The-DevOps-Daily/terraform-provider-validatefx/internal/validators/string_length.go:56.36,57.91 1 1
github.com/The-DevOps-Daily/terraform-provider-validatefx/internal/validators/string_length.go:58.20,59.77 1 0
github.com/The-DevOps-Daily/terraform-provider-validatefx/internal/validators/string_length.go:60.20,61.76 1 0
github.com/The-DevOps-Daily/terraform-provider-validatefx/internal/validators/string_length.go:62.10,63.36 1 0
github.com/The-DevOps-Daily/terraform-provider-validatefx/internal/validators/string_length.go:68.80,70.2 1 1
github.com/The-DevOps-Daily/terraform-provider-validatefx/internal/validators/string_prefix.go:15.81,22.2 2 1
github.com/The-DevOps-Daily/terraform-provider-validatefx/internal/validators/string_prefix.go:30.71,31.26 1 1
github.com/The-DevOps-Daily/terraform-provider-validatefx/internal/validators/string_prefix.go:31.26,33.3 1 0
github.com/The-DevOps-Daily/terraform-provider-validatefx/internal/validators/string_prefix.go:35.2,35.89 1 1
github.com/The-DevOps-Daily/terraform-provider-validatefx/internal/validators/string_prefix.go:38.81,40.2 1 1
github.com/The-DevOps-Daily/terraform-provider-validatefx/internal/validators/string_prefix.go:42.146,43.61 1 1
github.com/The-DevOps-Daily/terraform-provider-validatefx/internal/validators/string_prefix.go:43.61,45.3 1 1
github.com/The-DevOps-Daily/terraform-provider-validatefx/internal/validators/string_prefix.go:47.2,47.28 1 1
github.com/The-DevOps-Daily/terraform-provider-validatefx/internal/validators/string_prefix.go:47.28,49.3 1 1
github.com/The-DevOps-Daily/terraform-provider-validatefx/internal/validators/string_prefix.go:51.2,53.18 3 1
github.com/The-DevOps-Daily/terraform-provider-validatefx/internal/validators/string_prefix.go:53.18,55.3 1 1
github.com/The-DevOps-Daily/terraform-provider-validatefx/internal/validators/string_prefix.go:57.2,57.38 1 1
github.com/The-DevOps-Daily/terraform-provider-validatefx/internal/validators/string_prefix.go:57.38,58.43 1 1
github.com/The-DevOps-Daily/terraform-provider-validatefx/internal/validators/string_prefix.go:58.43,60.4 1 1
github.com/The-DevOps-Daily/terraform-provider-validatefx/internal/validators/string_prefix.go:63.2,67.3 1 1
github.com/The-DevOps-Daily/terraform-provider-validatefx/internal/validators/string_prefix.go:70.74,75.29 4 1
github.com/The-DevOps-Daily/terraform-provider-validatefx/internal/validators/string_prefix.go:75.29,77.20 2 1
github.com/The-DevOps-Daily/terraform-provider-validatefx/internal/validators/string_prefix.go:77.20,78.12 1 0
github.com/The-DevOps-Daily/terraform-provider-validatefx/internal/validators/string_prefix.go:81.3,82.12 2 1
github.com/The-DevOps-Daily/terraform-provider-validatefx/internal/validators/string_prefix.go:82.12,84.4 1 1
github.com/The-DevOps-Daily/terraform-provider-validatefx/internal/validators/string_prefix.go:86.3,86.37 1 1
github.com/The-DevOps-Daily/terraform-provider-validatefx/internal/validators/string_prefix.go:86.37,87.12 1 0
github.com/The-DevOps-Daily/terraform-provider-validatefx/internal/validators/string_prefix.go:90.3,93.39 3 1
github.com/The-DevOps-Daily/terraform-provider-validatefx/internal/validators/string_prefix.go:96.2,96.28 1 1
github.com/The-DevOps-Daily/terraform-provider-validatefx/internal/validators/string_suffix.go:15.65,17.2 1 1
github.com/The-DevOps-Daily/terraform-provider-validatefx/internal/validators/string_suffix.go:23.71,25.2 1 1
github.com/The-DevOps-Daily/terraform-provider-validatefx/internal/validators/string_suffix.go:27.81,29.2 1 1
github.com/The-DevOps-Daily/terraform-provider-validatefx/internal/validators/string_suffix.go:31.146,32.61 1 1
github.com/The-DevOps-Daily/terraform-provider-validatefx/internal/validators/string_suffix.go:32.61,34.3 1 1
github.com/The-DevOps-Daily/terraform-provider-validatefx/internal/validators/string_suffix.go:36.2,38.26 2 1
github.com/The-DevOps-Daily/terraform-provider-validatefx/internal/validators/string_suffix.go:38.26,40.3 1 0
github.com/The-DevOps-Daily/terraform-provider-validatefx/internal/validators/string_suffix.go:42.2,42.41 1 1
github.com/The-DevOps-Daily/terraform-provider-validatefx/internal/validators/string_suffix.go:42.41,44.3 1 1
github.com/The-DevOps-Daily/terraform-provider-validatefx/internal/validators/string_suffix.go:46.2,50.3 1 1
github.com/The-DevOps-Daily/terraform-provider-validatefx/internal/validators/string_suffix.go:53.51,54.26 1 1
github.com/The-DevOps-Daily/terraform-provider-validatefx/internal/validators/string_suffix.go:54.26,56.3 1 0
github.com/The-DevOps-Daily/terraform-provider-validatefx/internal/validators/string_suffix.go:58.2,58.87 1 1
github.com/The-DevOps-Daily/terraform-provider-validatefx/internal/validators/string_suffix.go:61.50,64.32 2 1
github.com/The-DevOps-Daily/terraform-provider-validatefx/internal/validators/string_suffix.go:64.32,66.20 2 1
github.com/The-DevOps-Daily/terraform-provider-validatefx/internal/validators/string_suffix.go:66.20,67.12 1 1
github.com/The-DevOps-Daily/terraform-provider-validatefx/internal/validators/string_suffix.go:69.3,69.43 1 1
github.com/The-DevOps-Daily/terraform-provider-validatefx/internal/validators/string_suffix.go:72.2,72.19 1 1
github.com/The-DevOps-Daily/terraform-provider-validatefx/internal/validators/string_suffix.go:75.61,76.34 1 1
github.com/The-DevOps-Daily/terraform-provider-validatefx/internal/validators/string_suffix.go:76.34,77.39 1 1
github.com/The-DevOps-Daily/terraform-provider-validatefx/internal/validators/string_suffix.go:77.39,79.4 1 1
github.com/The-DevOps-Daily/terraform-provider-validatefx/internal/validators/string_suffix.go:82.2,82.14 1 1
github.com/The-DevOps-Daily/terraform-provider-validatefx/internal/validators/subnet.go:15.41,15.70 1 1
github.com/The-DevOps-Daily/terraform-provider-validatefx/internal/validators/subnet.go:19.62,21.2 1 1
github.com/The-DevOps-Daily/terraform-provider-validatefx/internal/validators/subnet.go:23.72,25.2 1 1
github.com/The-DevOps-Daily/terraform-provider-validatefx/internal/validators/subnet.go:27.137,28.61 1 1
github.com/The-DevOps-Daily/terraform-provider-validatefx/internal/validators/subnet.go:28.61,30.3 1 0
github.com/The-DevOps-Daily/terraform-provider-validatefx/internal/validators/subnet.go:32.2,34.16 3 1
github.com/The-DevOps-Daily/terraform-provider-validatefx/internal/validators/subnet.go:34.16,37.3 2 1
github.com/The-DevOps-Daily/terraform-provider-validatefx/internal/validators/subnet.go:39.2,39.25 1 1
github.com/The-DevOps-Daily/terraform-provider-validatefx/internal/validators/subnet.go:39.25,42.3 2 1
github.com/The-DevOps-Daily/terraform-provider-validatefx/internal/validators/uri.go:16.38,18.2 1 1
github.com/The-DevOps-Daily/terraform-provider-validatefx/internal/validators/uri.go:22.62,24.2 1 1
github.com/The-DevOps-Daily/terraform-provider-validatefx/internal/validators/uri.go:26.72,26.101 1 1
github.com/The-DevOps-Daily/terraform-provider-validatefx/internal/validators/uri.go:28.137,29.61 1 1
github.com/The-DevOps-Daily/terraform-provider-validatefx/internal/validators/uri.go:29.61,31.3 1 0
github.com/The-DevOps-Daily/terraform-provider-validatefx/internal/validators/uri.go:33.2,35.34 3 1
github.com/The-DevOps-Daily/terraform-provider-validatefx/internal/validators/uri.go:35.34,38.3 2 1
github.com/The-DevOps-Daily/terraform-provider-validatefx/internal/validators/uri.go:41.2,41.35 1 1
github.com/The-DevOps-Daily/terraform-provider-validatefx/internal/validators/uri.go:42.80,43.19 1 1
github.com/The-DevOps-Daily/terraform-provider-validatefx/internal/validators/uri.go:43.19,46.4 2 1
github.com/The-DevOps-Daily/terraform-provider-validatefx/internal/validators/url.go:15.38,17.2 1 1
github.com/The-DevOps-Daily/terraform-provider-validatefx/internal/validators/url.go:21.57,23.2 1 1
github.com/The-DevOps-Daily/terraform-provider-validatefx/internal/validators/url.go:25.65,27.2 1 1
github.com/The-DevOps-Daily/terraform-provider-validatefx/internal/validators/url.go:29.134,30.61 1 1
github.com/The-DevOps-Daily/terraform-provider-validatefx/internal/validators/url.go:30.61,32.3 1 1
github.com/The-DevOps-Daily/terraform-provider-validatefx/internal/validators/url.go:34.2,35.17 2 1
github.com/The-DevOps-Daily/terraform-provider-validatefx/internal/validators/url.go:35.17,37.3 1 1
github.com/The-DevOps-Daily/terraform-provider-validatefx/internal/validators/url.go:39.2,40.60 2 1
github.com/The-DevOps-Daily/terraform-provider-validatefx/internal/validators/url.go:40.60,47.3 2 1
github.com/The-DevOps-Daily/terraform-provider-validatefx/internal/validators/url.go:49.2,50.43 2 1
github.com/The-DevOps-Daily/terraform-provider-validatefx/internal/validators/url.go:50.43,56.3 1 1
github.com/The-DevOps-Daily/terraform-provider-validatefx/internal/validators/username.go:22.67,28.2 1 1
github.com/The-DevOps-Daily/terraform-provider-validatefx/internal/validators/username.go:36.67,38.2 1 1
github.com/The-DevOps-Daily/terraform-provider-validatefx/internal/validators/username.go:40.77,42.2 1 1
github.com/The-DevOps-Daily/terraform-provider-validatefx/internal/validators/username.go:44.142,45.61 1 1
github.com/The-DevOps-Daily/terraform-provider-validatefx/internal/validators/username.go:45.61,47.3 1 1
github.com/The-DevOps-Daily/terraform-provider-validatefx/internal/validators/username.go:49.2,52.83 3 1
github.com/The-DevOps-Daily/terraform-provider-validatefx/internal/validators/username.go:52.83,58.3 1 1
github.com/The-DevOps-Daily/terraform-provider-validatefx/internal/validators/username.go:62.59,64.2 1 1
github.com/The-DevOps-Daily/terraform-provider-validatefx/internal/validators/username.go:66.41,67.17 1 1
github.com/The-DevOps-Daily/terraform-provider-validatefx/internal/validators/username.go:67.17,69.3 1 1
github.com/The-DevOps-Daily/terraform-provider-validatefx/internal/validators/username.go:71.2,71.26 1 1
github.com/The-DevOps-Daily/terraform-provider-validatefx/internal/validators/username.go:71.26,72.10 1 1
github.com/The-DevOps-Daily/terraform-provider-validatefx/internal/validators/username.go:73.48,74.12 1 1
github.com/The-DevOps-Daily/terraform-provider-validatefx/internal/validators/username.go:75.17,76.12 1 1
github.com/The-DevOps-Daily/terraform-provider-validatefx/internal/validators/username.go:77.11,78.16 1 1
github.com/The-DevOps-Daily/terraform-provider-validatefx/internal/validators/username.go:82.2,82.13 1 1
github.com/The-DevOps-Daily/terraform-provider-validatefx/internal/validators/uuid.go:14.39,16.2 1 1
github.com/The-DevOps-Daily/terraform-provider-validatefx/internal/validators/uuid.go:20.60,22.2 1 1
github.com/The-DevOps-Daily/terraform-provider-validatefx/internal/validators/uuid.go:24.68,26.2 1 1
github.com/The-DevOps-Daily/terraform-provider-validatefx/internal/validators/uuid.go:28.135,29.61 1 1
github.com/The-DevOps-Daily/terraform-provider-validatefx/internal/validators/uuid.go:29.61,31.3 1 1
github.com/The-DevOps-Daily/terraform-provider-validatefx/internal/validators/uuid.go:33.2,35.17 2 1
github.com/The-DevOps-Daily/terraform-provider-validatefx/internal/validators/uuid.go:35.17,37.3 1 1
github.com/The-DevOps-Daily/terraform-provider-validatefx/internal/validators/uuid.go:39.2,40.16 2 1
github.com/The-DevOps-Daily/terraform-provider-validatefx/internal/validators/uuid.go:40.16,47.3 2 1
github.com/The-DevOps-Daily/terraform-provider-validatefx/internal/validators/uuid.go:49.2,50.32 2 1
github.com/The-DevOps-Daily/terraform-provider-validatefx/internal/validators/uuid.go:50.32,56.3 1 1
